<?xml version="1.0" encoding="UTF-8"?>
<testsuite xmlns:xsi="http://www.w3.org/2001/XMLSchema-instance" xsi:noNamespaceSchemaLocation="https://maven.apache.org/surefire/maven-surefire-plugin/xsd/surefire-test-report.xsd" version="3.0.2" name="com.opspilot.service.RagServiceTest" time="1.415" tests="4" errors="0" skipped="0" failures="0">
  <properties>
[...]
</properties>
  <testcase name="ingestDocument_storesDocumentAndReturnsId" classname="com.opspilot.service.RagServiceTest" time="1.229">
    <system-out><![CDATA[09:13:45.044 [main] INFO com.opspilot.service.RagService -- Ingested document: id=4f01d219-978e-4e94-8ec2-724f8a9228e3, title=Payment Runbook, source=confluence
]]></system-out>
  </testcase>
  <testcase name="ingestDocument_embeddedDocumentContainsTitle" classname="com.opspilot.service.RagServiceTest" time="0.007">
    <system-out><![CDATA[09:13:45.139 [main] INFO com.opspilot.service.RagService -- Ingested document: id=fd29ca99-964c-4650-8fe4-632a05bc8b88, title=Runbook, source=wiki
]]></system-out>
  </testcase>
  <testcase name="query_returnsAnswerFromLlm" classname="com.opspilot.service.RagServiceTest" time="0.062"/>
  <testcase name="streamQuery_returnsTokenFlux" classname="com.opspilot.service.RagServiceTest" time="0.084"/>
</testsuite>